nohup: ignoring input
[HPM] Proxy created: /  ->  http://localhost:3000
[HPM] Proxy created: /  ->  http://192.168.0.163:8080
✨  Built in 4.14s.
nohup: ignoring input
[HPM] Proxy created: /  ->  https://139.196.138.230:3000
✨  Built in 4.05s.
✨  Built in 1.99s.
✨  Built in 1.35s.
nohup: ignoring input
[HPM] Proxy created: /  ->  https://139.196.138.230:3000
✨  Built in 4.15s.
✨  Built in 2.12s.
nohup: ignoring input
[HPM] Proxy created: /  ->  https://139.196.138.230:3000
✨  Built in 3.87s.
nohup: ignoring input
[HPM] Proxy created: /  ->  https://139.196.138.230:3000
nohup: ignoring input
✨  Built in 4.43s.
[HPM] Proxy created: /  ->  https://139.196.138.230:3000
events.js:173
      throw er; // Unhandled 'error' event
      ^

Error: listen EADDRINUSE: address already in use :::2345
    at Server.setupListenHandle [as _listen2] (net.js:1256:14)
    at listenInCluster (net.js:1304:12)
    at Server.listen (net.js:1392:7)
    at Object.<anonymous> (/home/repo/iFit-Final/parcel-start.js:33:16)
    at Module._compile (internal/modules/cjs/loader.js:738:30)
    at Object.Module._extensions..js (internal/modules/cjs/loader.js:749:10)
    at Module.load (internal/modules/cjs/loader.js:630:32)
    at tryModuleLoad (internal/modules/cjs/loader.js:570:12)
    at Function.Module._load (internal/modules/cjs/loader.js:562:3)
    at Function.Module.runMain (internal/modules/cjs/loader.js:801:12)
Emitted 'error' event at:
    at emitErrorNT (net.js:1283:8)
    at processTicksAndRejections (internal/process/next_tick.js:76:17)
    at process.runNextTicks [as _tickCallback] (internal/process/next_tick.js:51:3)
    at Function.Module.runMain (internal/modules/cjs/loader.js:804:11)
    at internal/main/run_main_module.js:21:11
